<?xml version="1.0" encoding="UTF-8"?>
<testsuite name="pt.up.fe.comp.cpf.Cpf5_Optimizations" tests="1" skipped="0" failures="1" errors="0" timestamp="2024-05-24T08:50:51" hostname="Laras-Air-4.home" time="1.359">
  <properties/>
  <testcase name="section2_RegAlloc_AtMostRequestedNumber" classname="pt.up.fe.comp.cpf.Cpf5_Optimizations" time="1.359">
    <failure message="java.lang.AssertionError: Expected code to change with -r flag&#10;&#10;Original code:&#10;.class RegAlloc&#10;&#10;.super java/lang/Object&#10;&#10;;default constructor&#10;.method public &lt;init&gt;()V&#10;    aload_0&#10;    invokespecial java/lang/Object/&lt;init&gt;()V&#10;     return&#10; .end method&#10;&#10;.method public soManyRegisters(I)I&#10;   .limit stack 1&#10;   .limit locals 6&#10;   iconst_0&#10;   istore_2&#10;   iload_2&#10;   istore_3&#10;   iload_3&#10;   istore 4&#10;   iload 4&#10;   istore 5&#10;   iload 5&#10;   ireturn&#10;.end method&#10;&#10;.method public static main([Ljava/lang/String;)V&#10;   .limit stack 0&#10;   .limit locals 2&#10;   return&#10;.end method&#10;&#10;&#10;Jasmin code:&#10;.class RegAlloc&#10;&#10;.super java/lang/Object&#10;&#10;;default constructor&#10;.method public &lt;init&gt;()V&#10;    aload_0&#10;    invokespecial java/lang/Object/&lt;init&gt;()V&#10;     return&#10; .end method&#10;&#10;.method public soManyRegisters(I)I&#10;   .limit stack 1&#10;   .limit locals 6&#10;   iconst_0&#10;   istore_2&#10;   iload_2&#10;   istore_3&#10;   iload_3&#10;   istore 4&#10;   iload 4&#10;   istore 5&#10;   iload 5&#10;   ireturn&#10;.end method&#10;&#10;.method public static main([Ljava/lang/String;)V&#10;   .limit stack 0&#10;   .limit locals 2&#10;   return&#10;.end method&#10;&#10;&#10;No reports&#10;&#10;. Actual: .class RegAlloc&#10;&#10;.super java/lang/Object&#10;&#10;;default constructor&#10;.method public &lt;init&gt;()V&#10;    aload_0&#10;    invokespecial java/lang/Object/&lt;init&gt;()V&#10;     return&#10; .end method&#10;&#10;.method public soManyRegisters(I)I&#10;   .limit stack 1&#10;   .limit locals 6&#10;   iconst_0&#10;   istore_2&#10;   iload_2&#10;   istore_3&#10;   iload_3&#10;   istore 4&#10;   iload 4&#10;   istore 5&#10;   iload 5&#10;   ireturn&#10;.end method&#10;&#10;.method public static main([Ljava/lang/String;)V&#10;   .limit stack 0&#10;   .limit locals 2&#10;   return&#10;.end method&#10;" type="java.lang.AssertionError">java.lang.AssertionError: Expected code to change with -r flag

Original code:
.class RegAlloc

.super java/lang/Object

;default constructor
.method public &lt;init&gt;()V
    aload_0
    invokespecial java/lang/Object/&lt;init&gt;()V
     return
 .end method

.method public soManyRegisters(I)I
   .limit stack 1
   .limit locals 6
   iconst_0
   istore_2
   iload_2
   istore_3
   iload_3
   istore 4
   iload 4
   istore 5
   iload 5
   ireturn
.end method

.method public static main([Ljava/lang/String;)V
   .limit stack 0
   .limit locals 2
   return
.end method


Jasmin code:
.class RegAlloc

.super java/lang/Object

;default constructor
.method public &lt;init&gt;()V
    aload_0
    invokespecial java/lang/Object/&lt;init&gt;()V
     return
 .end method

.method public soManyRegisters(I)I
   .limit stack 1
   .limit locals 6
   iconst_0
   istore_2
   iload_2
   istore_3
   iload_3
   istore 4
   iload 4
   istore 5
   iload 5
   ireturn
.end method

.method public static main([Ljava/lang/String;)V
   .limit stack 0
   .limit locals 2
   return
.end method


No reports

. Actual: .class RegAlloc

.super java/lang/Object

;default constructor
.method public &lt;init&gt;()V
    aload_0
    invokespecial java/lang/Object/&lt;init&gt;()V
     return
 .end method

.method public soManyRegisters(I)I
   .limit stack 1
   .limit locals 6
   iconst_0
   istore_2
   iload_2
   istore_3
   iload_3
   istore 4
   iload 4
   istore 5
   iload 5
   ireturn
.end method

.method public static main([Ljava/lang/String;)V
   .limit stack 0
   .limit locals 2
   return
.end method

	at org.junit.Assert.fail(Assert.java:88)
	at org.junit.Assert.failEquals(Assert.java:185)
	at org.junit.Assert.assertNotEquals(Assert.java:161)
	at pt.up.fe.comp.CpUtils.assertNotEquals(CpUtils.java:222)
	at pt.up.fe.comp.cpf.Cpf5_Optimizations.section2_RegAlloc_AtMostRequestedNumber(Cpf5_Optimizations.java:139)
	at java.base/jdk.internal.reflect.DirectMethodHandleAccessor.invoke(DirectMethodHandleAccessor.java:104)
	at java.base/java.lang.reflect.Method.invoke(Method.java:578)
	at org.junit.runners.model.FrameworkMethod$1.runReflectiveCall(FrameworkMethod.java:47)
	at org.junit.internal.runners.model.ReflectiveCallable.run(ReflectiveCallable.java:12)
	at org.junit.runners.model.FrameworkMethod.invokeExplosively(FrameworkMethod.java:44)
	at org.junit.internal.runners.statements.InvokeMethod.evaluate(InvokeMethod.java:17)
	at org.junit.runners.ParentRunner.runLeaf(ParentRunner.java:271)
	at org.junit.runners.BlockJUnit4ClassRunner.runChild(BlockJUnit4ClassRunner.java:70)
	at org.junit.runners.BlockJUnit4ClassRunner.runChild(BlockJUnit4ClassRunner.java:50)
	at org.junit.runners.ParentRunner$3.run(ParentRunner.java:238)
	at org.junit.runners.ParentRunner$1.schedule(ParentRunner.java:63)
	at org.junit.runners.ParentRunner.runChildren(ParentRunner.java:236)
	at org.junit.runners.ParentRunner.access$000(ParentRunner.java:53)
	at org.junit.runners.ParentRunner$2.evaluate(ParentRunner.java:229)
	at org.junit.runners.ParentRunner.run(ParentRunner.java:309)
	at org.gradle.api.internal.tasks.testing.junit.JUnitTestClassExecutor.runTestClass(JUnitTestClassExecutor.java:112)
	at org.gradle.api.internal.tasks.testing.junit.JUnitTestClassExecutor.execute(JUnitTestClassExecutor.java:58)
	at org.gradle.api.internal.tasks.testing.junit.JUnitTestClassExecutor.execute(JUnitTestClassExecutor.java:40)
	at org.gradle.api.internal.tasks.testing.junit.AbstractJUnitTestClassProcessor.processTestClass(AbstractJUnitTestClassProcessor.java:60)
	at org.gradle.api.internal.tasks.testing.SuiteTestClassProcessor.processTestClass(SuiteTestClassProcessor.java:52)
	at java.base/jdk.internal.reflect.DirectMethodHandleAccessor.invoke(DirectMethodHandleAccessor.java:104)
	at java.base/java.lang.reflect.Method.invoke(Method.java:578)
	at org.gradle.internal.dispatch.ReflectionDispatch.dispatch(ReflectionDispatch.java:36)
	at org.gradle.internal.dispatch.ReflectionDispatch.dispatch(ReflectionDispatch.java:24)
	at org.gradle.internal.dispatch.ContextClassLoaderDispatch.dispatch(ContextClassLoaderDispatch.java:33)
	at org.gradle.internal.dispatch.ProxyDispatchAdapter$DispatchingInvocationHandler.invoke(ProxyDispatchAdapter.java:94)
	at jdk.proxy1/jdk.proxy1.$Proxy2.processTestClass(Unknown Source)
	at org.gradle.api.internal.tasks.testing.worker.TestWorker$2.run(TestWorker.java:176)
	at org.gradle.api.internal.tasks.testing.worker.TestWorker.executeAndMaintainThreadName(TestWorker.java:129)
	at org.gradle.api.internal.tasks.testing.worker.TestWorker.execute(TestWorker.java:100)
	at org.gradle.api.internal.tasks.testing.worker.TestWorker.execute(TestWorker.java:60)
	at org.gradle.process.internal.worker.child.ActionExecutionWorker.execute(ActionExecutionWorker.java:56)
	at org.gradle.process.internal.worker.child.SystemApplicationClassLoaderWorker.call(SystemApplicationClassLoaderWorker.java:113)
	at org.gradle.process.internal.worker.child.SystemApplicationClassLoaderWorker.call(SystemApplicationClassLoaderWorker.java:65)
	at worker.org.gradle.process.internal.worker.GradleWorkerMain.run(GradleWorkerMain.java:69)
	at worker.org.gradle.process.internal.worker.GradleWorkerMain.main(GradleWorkerMain.java:74)
</failure>
  </testcase>
  <system-out><![CDATA[]]></system-out>
  <system-err><![CDATA[]]></system-err>
</testsuite>
